2020-11-23 00:06:01,633 - HMI.py[line:86] - INFO: 检测完成
2020-11-23 00:06:01,635 - HMI.py[line:86] - INFO: 检测完成
2020-11-23 00:06:02,998 - HMI.py[line:86] - INFO: 检测完成
2020-11-23 00:06:02,998 - HMI.py[line:86] - INFO: 检测完成
2020-11-23 00:06:03,945 - HMI.py[line:86] - INFO: 检测完成
2020-11-23 00:06:03,945 - HMI.py[line:86] - INFO: 检测完成
2020-11-23 00:06:50,973 - HMI.py[line:86] - INFO: 检测完成
2020-11-23 00:06:50,974 - HMI.py[line:86] - INFO: 检测完成
2020-11-23 00:06:51,927 - HMI.py[line:86] - INFO: 检测完成
2020-11-23 00:06:51,927 - HMI.py[line:86] - INFO: 检测完成
2020-11-23 00:06:52,819 - HMI.py[line:86] - INFO: 检测完成
2020-11-23 00:06:52,820 - HMI.py[line:86] - INFO: 检测完成
2020-11-23 00:09:53,100 - HMI.py[line:87] - INFO: 开始测试检测...
2020-11-23 00:10:30,583 - HMI.py[line:87] - INFO: 测试检测完成
2020-11-23 00:23:52,079 - HMI.py[line:87] - INFO: 相机连接失败，请检查相机设置并重试。
2020-11-23 00:23:57,664 - HMI.py[line:87] - INFO: 开始测试检测...
2020-11-23 00:24:04,274 - HMI.py[line:87] - INFO: 测试检测完成！
2020-11-23 00:24:04,274 - HMI.py[line:87] - INFO: 测试检测完成！
2020-11-23 00:24:05,092 - HMI.py[line:87] - INFO: 相机连接失败，请检查相机设置并重试。
2020-11-23 00:24:06,162 - HMI.py[line:87] - INFO: 相机连接失败，请检查相机设置并重试。
2020-11-23 00:24:06,769 - HMI.py[line:87] - INFO: 开始测试检测...
2020-11-23 00:24:07,618 - HMI.py[line:87] - INFO: 测试检测完成！
2020-11-23 00:24:07,620 - HMI.py[line:87] - INFO: 测试检测完成！
2020-11-23 00:24:08,464 - HMI.py[line:87] - INFO: 开始测试检测...
2020-11-23 00:24:09,349 - HMI.py[line:87] - INFO: 测试检测完成！
2020-11-23 00:24:09,350 - HMI.py[line:87] - INFO: 测试检测完成！
2020-11-23 00:24:10,963 - HMI.py[line:87] - INFO: 相机连接失败，请检查相机设置并重试。
2020-11-23 00:25:06,007 - HMI.py[line:87] - INFO: 开始测试检测...
2020-11-23 00:25:14,803 - HMI.py[line:87] - INFO: 测试检测完成！
2020-11-23 00:25:14,804 - HMI.py[line:87] - INFO: 测试检测完成！
2020-11-23 00:25:16,498 - HMI.py[line:87] - INFO: 开始测试检测...
2020-11-23 00:25:23,515 - HMI.py[line:87] - INFO: 测试检测完成！
2020-11-23 00:25:23,516 - HMI.py[line:87] - INFO: 测试检测完成！
2020-11-23 00:29:40,548 - HMI.py[line:87] - INFO: 相机连接失败，请检查相机设置并重试。
2020-11-23 00:29:57,640 - HMI.py[line:87] - INFO: 开始测试检测...
2020-11-23 00:30:00,381 - HMI.py[line:87] - INFO: 测试检测完成！
2020-11-23 00:30:00,382 - HMI.py[line:87] - INFO: 测试检测完成！
2020-11-23 00:30:01,166 - HMI.py[line:87] - INFO: 开始测试检测...
2020-11-23 00:30:09,203 - HMI.py[line:87] - INFO: 测试检测完成！
2020-11-23 00:30:09,204 - HMI.py[line:87] - INFO: 测试检测完成！
2020-11-23 00:30:09,875 - HMI.py[line:87] - INFO: 开始测试检测...
2020-11-23 00:30:14,145 - HMI.py[line:87] - INFO: 测试检测完成！
2020-11-23 00:30:14,146 - HMI.py[line:87] - INFO: 测试检测完成！
