2021-03-19 02:00:36,176 - HMI.py[line:326] - INFO: 初始化相机，正在连接...
2021-03-19 02:00:36,441 - HMI.py[line:326] - ERROR: 未搜索到可连接的相机。
2021-03-19 02:00:36,441 - HMI.py[line:326] - INFO: 光源初始化成功
2021-03-19 02:00:36,441 - HMI.py[line:326] - INFO: 正在初始化模型...
2021-03-19 02:00:36,441 - HMI.py[line:326] - ERROR: ("There is no directory named '%s'", 'c:\\users\\shuai\\virtualenv\\paddle\\lib\\site-packages\\FabricUI\\model\\win')
2021-03-19 02:00:36,838 - HMI.py[line:326] - INFO: 
FabricUI 已开启。
2021-03-19 02:00:36,877 - HMI.py[line:326] - INFO: 初始化相机，正在连接...
2021-03-19 02:00:37,134 - HMI.py[line:326] - ERROR: 未搜索到可连接的相机。
2021-03-19 02:00:39,868 - HMI.py[line:326] - INFO: 正在等待转速稳定...
2021-03-19 02:00:42,869 - HMI.py[line:326] - INFO: 正在等待转速稳定...
2021-03-19 02:00:45,870 - HMI.py[line:326] - INFO: 转速已稳定，检测中...
2021-03-19 02:00:48,870 - HMI.py[line:326] - INFO: 转速已稳定，检测中...
2021-03-19 02:00:51,871 - HMI.py[line:326] - INFO: 转速已稳定，检测中...
2021-03-19 02:00:54,873 - HMI.py[line:326] - INFO: 转速已稳定，检测中...
2021-03-19 02:00:57,875 - HMI.py[line:326] - INFO: 转速已稳定，检测中...
2021-03-19 02:01:00,876 - HMI.py[line:326] - INFO: 转速已稳定，检测中...
2021-03-19 02:01:03,877 - HMI.py[line:326] - INFO: 转速已稳定，检测中...
2021-03-19 02:01:06,879 - HMI.py[line:326] - INFO: 转速已稳定，检测中...
2021-03-19 02:01:09,879 - HMI.py[line:326] - INFO: 转速已稳定，检测中...
2021-03-19 02:01:12,880 - HMI.py[line:326] - INFO: 转速已稳定，检测中...
2021-03-19 02:01:15,882 - HMI.py[line:326] - INFO: 转速已稳定，检测中...
2021-03-19 02:01:18,884 - HMI.py[line:326] - INFO: 转速已稳定，检测中...
2021-03-19 02:01:21,884 - HMI.py[line:326] - INFO: 转速已稳定，检测中...
2021-03-19 02:01:24,885 - HMI.py[line:326] - INFO: 转速已稳定，检测中...
2021-03-19 02:01:26,767 - HMI.py[line:326] - INFO: FabricUI 已关闭。

2021-03-19 02:02:16,988 - HMI.py[line:326] - INFO: 初始化相机，正在连接...
2021-03-19 02:02:17,358 - HMI.py[line:326] - INFO: 相机初始化成功。
2021-03-19 02:02:17,358 - HMI.py[line:326] - INFO: 光源初始化成功
2021-03-19 02:02:17,358 - HMI.py[line:326] - INFO: 正在初始化模型...
2021-03-19 02:02:17,358 - HMI.py[line:326] - ERROR: ("There is no directory named '%s'", 'c:\\users\\shuai\\virtualenv\\paddle\\lib\\site-packages\\FabricUI\\model\\win')
2021-03-19 02:02:17,782 - HMI.py[line:326] - INFO: 
FabricUI 已开启。
2021-03-19 02:02:20,862 - HMI.py[line:326] - INFO: 正在等待转速稳定...
2021-03-19 02:02:23,858 - HMI.py[line:326] - INFO: 正在等待转速稳定...
2021-03-19 02:02:26,864 - HMI.py[line:326] - INFO: 转速已稳定，检测中...
2021-03-19 02:02:29,869 - HMI.py[line:326] - INFO: 转速已稳定，检测中...
2021-03-19 02:02:32,858 - HMI.py[line:326] - INFO: 转速已稳定，检测中...
2021-03-19 02:02:35,871 - HMI.py[line:326] - INFO: 转速已稳定，检测中...
2021-03-19 02:02:38,835 - HMI.py[line:326] - INFO: 转速已稳定，检测中...
2021-03-19 02:02:41,856 - HMI.py[line:326] - INFO: 转速已稳定，检测中...
2021-03-19 02:02:44,892 - HMI.py[line:326] - INFO: 转速已稳定，检测中...
2021-03-19 02:02:45,452 - HMI.py[line:326] - INFO: 已更新相机设置。
2021-03-19 02:02:47,876 - HMI.py[line:326] - INFO: 转速已稳定，检测中...
2021-03-19 02:02:50,892 - HMI.py[line:326] - INFO: 转速已稳定，检测中...
2021-03-19 02:02:53,883 - HMI.py[line:326] - INFO: 转速已稳定，检测中...
2021-03-19 02:02:56,903 - HMI.py[line:326] - INFO: 转速已稳定，检测中...
2021-03-19 02:02:58,685 - HMI.py[line:326] - INFO: 已更新相机设置。
2021-03-19 02:02:59,961 - HMI.py[line:326] - INFO: 转速已稳定，检测中...
2021-03-19 02:03:02,906 - HMI.py[line:326] - INFO: 转速已稳定，检测中...
2021-03-19 02:03:05,943 - HMI.py[line:326] - INFO: 转速已稳定，检测中...
2021-03-19 02:03:08,489 - HMI.py[line:326] - INFO: 已更新相机设置。
2021-03-19 02:03:08,978 - HMI.py[line:326] - INFO: 转速已稳定，检测中...
2021-03-19 02:03:11,972 - HMI.py[line:326] - INFO: 转速已稳定，检测中...
2021-03-19 02:03:14,986 - HMI.py[line:326] - INFO: 转速已稳定，检测中...
2021-03-19 02:03:17,931 - HMI.py[line:326] - INFO: 转速已稳定，检测中...
2021-03-19 02:03:20,953 - HMI.py[line:326] - INFO: 转速已稳定，检测中...
2021-03-19 02:03:23,963 - HMI.py[line:326] - INFO: 转速已稳定，检测中...
2021-03-19 02:03:23,965 - HMI.py[line:326] - WARNING: 检测模型异常，请检查相关模型设置
2021-03-19 02:03:26,675 - HMI.py[line:326] - WARNING: 检测模型异常，请检查相关模型设置
2021-03-19 02:03:26,977 - HMI.py[line:326] - INFO: 转速已稳定，检测中...
2021-03-19 02:03:27,989 - HMI.py[line:326] - WARNING: 检测模型异常，请检查相关模型设置
2021-03-19 02:03:28,793 - HMI.py[line:326] - WARNING: 检测模型异常，请检查相关模型设置
2021-03-19 02:03:29,292 - HMI.py[line:326] - WARNING: 检测模型异常，请检查相关模型设置
2021-03-19 02:03:29,786 - HMI.py[line:326] - WARNING: 检测模型异常，请检查相关模型设置
2021-03-19 02:03:29,982 - HMI.py[line:326] - INFO: 转速已稳定，检测中...
2021-03-19 02:03:30,090 - HMI.py[line:326] - WARNING: 检测模型异常，请检查相关模型设置
2021-03-19 02:03:30,506 - HMI.py[line:326] - WARNING: 检测模型异常，请检查相关模型设置
2021-03-19 02:03:32,985 - HMI.py[line:326] - INFO: 转速已稳定，检测中...
2021-03-19 02:03:33,476 - HMI.py[line:326] - WARNING: 检测模型异常，请检查相关模型设置
2021-03-19 02:03:34,174 - HMI.py[line:326] - WARNING: 检测模型异常，请检查相关模型设置
2021-03-19 02:03:34,976 - HMI.py[line:326] - WARNING: 检测模型异常，请检查相关模型设置
2021-03-19 02:03:36,075 - HMI.py[line:326] - INFO: 转速已稳定，检测中...
2021-03-19 02:03:39,007 - HMI.py[line:326] - INFO: 转速已稳定，检测中...
2021-03-19 02:03:40,416 - HMI.py[line:326] - WARNING: 检测模型异常，请检查相关模型设置
2021-03-19 02:03:40,913 - HMI.py[line:326] - WARNING: 检测模型异常，请检查相关模型设置
2021-03-19 02:03:41,118 - HMI.py[line:326] - WARNING: 检测模型异常，请检查相关模型设置
2021-03-19 02:03:41,323 - HMI.py[line:326] - WARNING: 检测模型异常，请检查相关模型设置
2021-03-19 02:03:41,625 - HMI.py[line:326] - WARNING: 检测模型异常，请检查相关模型设置
2021-03-19 02:03:42,018 - HMI.py[line:326] - INFO: 转速已稳定，检测中...
2021-03-19 02:03:45,118 - HMI.py[line:326] - INFO: 转速已稳定，检测中...
2021-03-19 02:03:48,122 - HMI.py[line:326] - INFO: 转速已稳定，检测中...
2021-03-19 02:03:51,060 - HMI.py[line:326] - INFO: 转速已稳定，检测中...
2021-03-19 02:03:54,081 - HMI.py[line:326] - INFO: 转速已稳定，检测中...
2021-03-19 02:03:57,089 - HMI.py[line:326] - INFO: 转速已稳定，检测中...
2021-03-19 02:04:00,110 - HMI.py[line:326] - INFO: 转速已稳定，检测中...
2021-03-19 02:04:03,110 - HMI.py[line:326] - INFO: 转速已稳定，检测中...
2021-03-19 02:04:06,122 - HMI.py[line:326] - INFO: 转速已稳定，检测中...
2021-03-19 02:04:09,133 - HMI.py[line:326] - INFO: 转速已稳定，检测中...
2021-03-19 02:04:12,057 - HMI.py[line:326] - INFO: 转速已稳定，检测中...
2021-03-19 02:04:15,077 - HMI.py[line:326] - INFO: 转速已稳定，检测中...
2021-03-19 02:04:17,898 - HMI.py[line:326] - WARNING: 检测模型异常，请检查相关模型设置
2021-03-19 02:04:18,105 - HMI.py[line:326] - INFO: 转速已稳定，检测中...
2021-03-19 02:04:18,308 - HMI.py[line:326] - WARNING: 检测模型异常，请检查相关模型设置
2021-03-19 02:04:18,608 - HMI.py[line:326] - WARNING: 检测模型异常，请检查相关模型设置
2021-03-19 02:04:21,112 - HMI.py[line:326] - INFO: 转速已稳定，检测中...
2021-03-19 02:04:21,906 - HMI.py[line:326] - WARNING: 检测模型异常，请检查相关模型设置
2021-03-19 02:04:24,109 - HMI.py[line:326] - INFO: 转速已稳定，检测中...
2021-03-19 02:04:24,511 - HMI.py[line:326] - WARNING: 检测模型异常，请检查相关模型设置
2021-03-19 02:04:25,336 - HMI.py[line:326] - WARNING: 检测模型异常，请检查相关模型设置
2021-03-19 02:04:27,138 - HMI.py[line:326] - INFO: 转速已稳定，检测中...
2021-03-19 02:04:27,139 - HMI.py[line:326] - WARNING: 检测模型异常，请检查相关模型设置
2021-03-19 02:04:29,679 - HMI.py[line:326] - INFO: FabricUI 已关闭。

2021-03-19 03:01:59,970 - HMI.py[line:330] - INFO: 初始化相机，正在连接...
2021-03-19 03:02:00,394 - HMI.py[line:330] - INFO: 相机初始化成功。
2021-03-19 03:02:00,394 - HMI.py[line:330] - INFO: 光源初始化成功
2021-03-19 03:02:00,394 - HMI.py[line:330] - INFO: 正在初始化模型...
2021-03-19 03:02:02,600 - HMI.py[line:330] - INFO: 模型初始化成功。
2021-03-19 03:02:03,069 - HMI.py[line:330] - INFO: 
FabricUI 已开启。
