2021-03-03 15:42:05,186 - HMI.py[line:240] - INFO: 初始化相机，正在连接...
2021-03-03 15:42:05,561 - HMI.py[line:240] - INFO: 相机初始化成功。
2021-03-03 15:42:05,561 - HMI.py[line:240] - INFO: 光源初始化成功
2021-03-03 15:42:05,561 - HMI.py[line:240] - INFO: 正在初始化模型...
2021-03-03 15:42:07,602 - HMI.py[line:240] - INFO: 模型初始化成功。
2021-03-03 15:42:08,044 - HMI.py[line:240] - INFO: 
FabricUI 已开启。
2021-03-03 15:42:08,193 - HMI.py[line:240] - INFO: 正在等待转速稳定，请稍后...
2021-03-03 15:42:22,550 - HMI.py[line:240] - INFO: 检测中...
2021-03-03 15:42:51,575 - HMI.py[line:240] - INFO: FabricUI 已关闭。

2021-03-08 18:44:09,038 - HMI.py[line:230] - INFO: 初始化相机，正在连接...
2021-03-08 18:44:09,431 - HMI.py[line:230] - INFO: 相机初始化成功。
2021-03-08 18:44:09,431 - HMI.py[line:230] - INFO: 光源初始化成功
2021-03-08 18:44:09,431 - HMI.py[line:230] - INFO: 正在初始化模型...
2021-03-08 18:44:14,151 - HMI.py[line:230] - INFO: 模型初始化成功。
2021-03-08 18:44:14,615 - HMI.py[line:230] - INFO: 
FabricUI 已开启。
2021-03-08 18:44:14,872 - HMI.py[line:230] - INFO: 正在等待转速稳定，请稍后...
2021-03-08 18:45:44,442 - HMI.py[line:230] - INFO: FabricUI 已关闭。

2021-03-08 18:46:12,523 - HMI.py[line:230] - INFO: 初始化相机，正在连接...
2021-03-08 18:46:12,892 - HMI.py[line:230] - INFO: 相机初始化成功。
2021-03-08 18:46:12,892 - HMI.py[line:230] - INFO: 光源初始化成功
2021-03-08 18:46:12,893 - HMI.py[line:230] - INFO: 正在初始化模型...
2021-03-08 18:46:14,893 - HMI.py[line:230] - INFO: 模型初始化成功。
2021-03-08 18:46:15,319 - HMI.py[line:230] - INFO: 
FabricUI 已开启。
2021-03-08 18:46:15,501 - HMI.py[line:230] - INFO: 正在等待转速稳定，请稍后...
2021-03-08 18:46:16,841 - HMI.py[line:230] - INFO: 检测中...
2021-03-08 18:46:21,065 - HMI.py[line:230] - INFO: FabricUI 已关闭。

2021-03-11 18:57:46,572 - HMI.py[line:283] - INFO: 初始化相机，正在连接...
2021-03-11 18:57:46,934 - HMI.py[line:283] - INFO: 相机初始化成功。
2021-03-11 18:57:46,934 - HMI.py[line:283] - INFO: 光源初始化成功
2021-03-11 18:57:46,934 - HMI.py[line:283] - INFO: 正在初始化模型...
2021-03-11 18:57:48,946 - HMI.py[line:283] - INFO: 模型初始化成功。
2021-03-11 18:57:49,391 - HMI.py[line:283] - INFO: 
FabricUI 已开启。
2021-03-11 18:57:49,577 - HMI.py[line:283] - INFO: 正在等待转速稳定，请稍后...
2021-03-11 18:58:07,238 - HMI.py[line:283] - INFO: FabricUI 已关闭。

2021-03-17 00:09:51,442 - HMI.py[line:283] - INFO: 初始化相机，正在连接...
2021-03-17 00:09:51,702 - HMI.py[line:283] - ERROR: 未搜索到可连接的相机。
2021-03-17 00:09:51,702 - HMI.py[line:283] - INFO: 光源初始化成功
2021-03-17 00:09:51,702 - HMI.py[line:283] - INFO: 正在初始化模型...
2021-03-17 00:09:53,687 - HMI.py[line:283] - INFO: 模型初始化成功。
2021-03-17 00:09:54,113 - HMI.py[line:283] - INFO: 
FabricUI 已开启。
2021-03-17 00:09:54,175 - HMI.py[line:283] - INFO: 初始化相机，正在连接...
2021-03-17 00:09:54,466 - HMI.py[line:283] - ERROR: 未搜索到可连接的相机。
2021-03-17 00:09:54,476 - HMI.py[line:283] - INFO: 正在等待转速稳定，请稍后...
2021-03-17 00:11:17,840 - HMI.py[line:283] - INFO: FabricUI 已关闭。

2021-03-17 00:11:49,973 - HMI.py[line:283] - INFO: 初始化相机，正在连接...
2021-03-17 00:11:50,236 - HMI.py[line:283] - ERROR: 未搜索到可连接的相机。
2021-03-17 00:11:50,236 - HMI.py[line:283] - INFO: 光源初始化成功
2021-03-17 00:11:50,236 - HMI.py[line:283] - INFO: 正在初始化模型...
2021-03-17 00:11:52,227 - HMI.py[line:283] - INFO: 模型初始化成功。
2021-03-17 00:11:52,641 - HMI.py[line:283] - INFO: 
FabricUI 已开启。
2021-03-17 00:11:52,698 - HMI.py[line:283] - INFO: 初始化相机，正在连接...
2021-03-17 00:11:52,953 - HMI.py[line:283] - ERROR: 未搜索到可连接的相机。
2021-03-17 00:11:52,959 - HMI.py[line:283] - INFO: 正在等待转速稳定，请稍后...
2021-03-17 00:13:13,443 - HMI.py[line:283] - INFO: 初始化相机，正在连接...
2021-03-17 00:13:13,678 - HMI.py[line:283] - ERROR: 未搜索到可连接的相机。
2021-03-17 00:13:32,041 - HMI.py[line:283] - INFO: FabricUI 已关闭。

2021-03-17 00:15:36,262 - HMI.py[line:283] - INFO: 初始化相机，正在连接...
2021-03-17 00:15:36,525 - HMI.py[line:283] - ERROR: 未搜索到可连接的相机。
2021-03-17 00:15:36,525 - HMI.py[line:283] - INFO: 光源初始化成功
2021-03-17 00:15:36,525 - HMI.py[line:283] - INFO: 正在初始化模型...
2021-03-17 00:15:38,475 - HMI.py[line:283] - INFO: 模型初始化成功。
2021-03-17 00:15:38,897 - HMI.py[line:283] - INFO: 
FabricUI 已开启。
2021-03-17 00:15:38,953 - HMI.py[line:283] - INFO: 初始化相机，正在连接...
2021-03-17 00:15:39,211 - HMI.py[line:283] - ERROR: 未搜索到可连接的相机。
2021-03-17 00:15:39,218 - HMI.py[line:283] - INFO: 正在等待转速稳定，请稍后...
2021-03-17 00:15:40,258 - HMI.py[line:283] - INFO: 初始化相机，正在连接...
2021-03-17 00:15:40,505 - HMI.py[line:283] - ERROR: 未搜索到可连接的相机。
2021-03-17 00:16:57,940 - HMI.py[line:283] - INFO: 初始化相机，正在连接...
2021-03-17 00:16:58,174 - HMI.py[line:283] - ERROR: 未搜索到可连接的相机。
2021-03-17 00:16:58,989 - HMI.py[line:283] - INFO: 初始化相机，正在连接...
2021-03-17 00:16:59,222 - HMI.py[line:283] - ERROR: 未搜索到可连接的相机。
2021-03-17 00:17:21,946 - HMI.py[line:283] - INFO: FabricUI 已关闭。

2021-03-17 00:38:37,243 - HMI.py[line:296] - INFO: 初始化相机，正在连接...
2021-03-17 00:38:37,498 - HMI.py[line:296] - ERROR: 未搜索到可连接的相机。
2021-03-17 00:38:37,498 - HMI.py[line:296] - INFO: 光源初始化成功
2021-03-17 00:38:37,498 - HMI.py[line:296] - INFO: 正在初始化模型...
2021-03-17 00:38:39,448 - HMI.py[line:296] - INFO: 模型初始化成功。
2021-03-17 00:38:39,870 - HMI.py[line:296] - INFO: 
FabricUI 已开启。
2021-03-17 00:38:39,924 - HMI.py[line:296] - INFO: 初始化相机，正在连接...
2021-03-17 00:38:40,214 - HMI.py[line:296] - ERROR: 未搜索到可连接的相机。
2021-03-17 00:38:40,223 - HMI.py[line:296] - INFO: 正在等待转速稳定，请稍后...
2021-03-17 00:38:43,490 - HMI.py[line:296] - INFO: FabricUI 已关闭。

2021-03-17 00:39:37,883 - HMI.py[line:297] - INFO: 初始化相机，正在连接...
2021-03-17 00:39:38,145 - HMI.py[line:297] - ERROR: 未搜索到可连接的相机。
2021-03-17 00:39:38,145 - HMI.py[line:297] - INFO: 光源初始化成功
2021-03-17 00:39:38,145 - HMI.py[line:297] - INFO: 正在初始化模型...
2021-03-17 00:39:40,058 - HMI.py[line:297] - INFO: 模型初始化成功。
2021-03-17 00:39:40,470 - HMI.py[line:297] - INFO: 
FabricUI 已开启。
2021-03-17 00:39:40,526 - HMI.py[line:297] - INFO: 初始化相机，正在连接...
2021-03-17 00:39:40,817 - HMI.py[line:297] - ERROR: 未搜索到可连接的相机。
2021-03-17 00:39:40,825 - HMI.py[line:297] - INFO: 正在等待转速稳定，请稍后...
2021-03-17 00:40:01,418 - HMI.py[line:297] - INFO: 初始化相机，正在连接...
2021-03-17 00:40:01,651 - HMI.py[line:297] - ERROR: 未搜索到可连接的相机。
2021-03-17 00:40:02,846 - HMI.py[line:297] - INFO: 初始化相机，正在连接...
2021-03-17 00:40:03,081 - HMI.py[line:297] - ERROR: 未搜索到可连接的相机。
2021-03-17 00:40:15,936 - HMI.py[line:297] - INFO: FabricUI 已关闭。

2021-03-17 00:40:44,728 - HMI.py[line:296] - INFO: 初始化相机，正在连接...
2021-03-17 00:40:44,991 - HMI.py[line:296] - ERROR: 未搜索到可连接的相机。
2021-03-17 00:40:44,991 - HMI.py[line:296] - INFO: 光源初始化成功
2021-03-17 00:40:44,991 - HMI.py[line:296] - INFO: 正在初始化模型...
2021-03-17 00:40:46,971 - HMI.py[line:296] - INFO: 模型初始化成功。
2021-03-17 00:40:47,386 - HMI.py[line:296] - INFO: 
FabricUI 已开启。
2021-03-17 00:40:47,444 - HMI.py[line:296] - INFO: 初始化相机，正在连接...
2021-03-17 00:40:47,735 - HMI.py[line:296] - ERROR: 未搜索到可连接的相机。
2021-03-17 00:40:47,742 - HMI.py[line:296] - INFO: 正在等待转速稳定，请稍后...
2021-03-17 00:40:53,542 - HMI.py[line:296] - INFO: FabricUI 已关闭。

2021-03-17 00:41:29,601 - HMI.py[line:296] - INFO: 初始化相机，正在连接...
2021-03-17 00:41:29,859 - HMI.py[line:296] - ERROR: 未搜索到可连接的相机。
2021-03-17 00:41:29,859 - HMI.py[line:296] - INFO: 光源初始化成功
2021-03-17 00:41:29,859 - HMI.py[line:296] - INFO: 正在初始化模型...
2021-03-17 00:41:31,780 - HMI.py[line:296] - INFO: 模型初始化成功。
2021-03-17 00:41:32,194 - HMI.py[line:296] - INFO: 
FabricUI 已开启。
2021-03-17 00:41:32,251 - HMI.py[line:296] - INFO: 初始化相机，正在连接...
2021-03-17 00:41:32,523 - HMI.py[line:296] - ERROR: 未搜索到可连接的相机。
2021-03-17 00:41:32,531 - HMI.py[line:296] - INFO: 正在等待转速稳定，请稍后...
2021-03-17 00:48:16,923 - HMI.py[line:296] - INFO: FabricUI 已关闭。

2021-03-17 00:48:22,992 - HMI.py[line:296] - INFO: 初始化相机，正在连接...
2021-03-17 00:48:23,250 - HMI.py[line:296] - ERROR: 未搜索到可连接的相机。
2021-03-17 00:48:23,250 - HMI.py[line:296] - INFO: 光源初始化成功
2021-03-17 00:48:23,250 - HMI.py[line:296] - INFO: 正在初始化模型...
2021-03-17 00:48:25,218 - HMI.py[line:296] - INFO: 模型初始化成功。
2021-03-17 00:48:25,630 - HMI.py[line:296] - INFO: 
FabricUI 已开启。
2021-03-17 00:48:25,677 - HMI.py[line:296] - INFO: 初始化相机，正在连接...
2021-03-17 00:48:25,936 - HMI.py[line:296] - ERROR: 未搜索到可连接的相机。
2021-03-17 00:48:25,943 - HMI.py[line:296] - INFO: 正在等待转速稳定，请稍后...
2021-03-17 00:51:42,050 - HMI.py[line:296] - INFO: FabricUI 已关闭。

2021-03-17 10:54:11,790 - HMI.py[line:296] - INFO: 初始化相机，正在连接...
2021-03-17 10:54:12,054 - HMI.py[line:296] - ERROR: 未搜索到可连接的相机。
2021-03-17 10:54:12,054 - HMI.py[line:296] - INFO: 光源初始化成功
2021-03-17 10:54:12,054 - HMI.py[line:296] - INFO: 正在初始化模型...
2021-03-17 10:54:14,091 - HMI.py[line:296] - INFO: 模型初始化成功。
2021-03-17 10:54:14,512 - HMI.py[line:296] - INFO: 
FabricUI 已开启。
2021-03-17 10:54:14,568 - HMI.py[line:296] - INFO: 初始化相机，正在连接...
2021-03-17 10:54:14,857 - HMI.py[line:296] - ERROR: 未搜索到可连接的相机。
2021-03-17 10:54:14,863 - HMI.py[line:296] - INFO: 正在等待转速稳定，请稍后...
2021-03-17 10:54:34,835 - HMI.py[line:296] - INFO: FabricUI 已关闭。

2021-03-17 11:10:09,147 - HMI.py[line:296] - INFO: 初始化相机，正在连接...
2021-03-17 11:10:09,410 - HMI.py[line:296] - ERROR: 未搜索到可连接的相机。
2021-03-17 11:10:09,410 - HMI.py[line:296] - INFO: 光源初始化成功
2021-03-17 11:10:09,410 - HMI.py[line:296] - INFO: 正在初始化模型...
2021-03-17 11:10:11,413 - HMI.py[line:296] - INFO: 模型初始化成功。
2021-03-17 11:10:11,829 - HMI.py[line:296] - INFO: 
FabricUI 已开启。
2021-03-17 11:10:11,882 - HMI.py[line:296] - INFO: 初始化相机，正在连接...
2021-03-17 11:10:12,143 - HMI.py[line:296] - ERROR: 未搜索到可连接的相机。
2021-03-17 11:10:12,147 - HMI.py[line:296] - INFO: 正在等待转速稳定，请稍后...
2021-03-17 11:10:29,227 - HMI.py[line:296] - INFO: FabricUI 已关闭。

2021-03-17 11:11:06,923 - HMI.py[line:296] - INFO: 初始化相机，正在连接...
2021-03-17 11:11:07,183 - HMI.py[line:296] - ERROR: 未搜索到可连接的相机。
2021-03-17 11:11:07,183 - HMI.py[line:296] - INFO: 光源初始化成功
2021-03-17 11:11:07,183 - HMI.py[line:296] - INFO: 正在初始化模型...
2021-03-17 11:11:09,142 - HMI.py[line:296] - INFO: 模型初始化成功。
2021-03-17 11:11:09,559 - HMI.py[line:296] - INFO: 
FabricUI 已开启。
2021-03-17 11:11:09,615 - HMI.py[line:296] - INFO: 初始化相机，正在连接...
2021-03-17 11:11:09,890 - HMI.py[line:296] - ERROR: 未搜索到可连接的相机。
2021-03-17 11:11:09,896 - HMI.py[line:296] - INFO: 正在等待转速稳定，请稍后...
2021-03-17 11:11:57,390 - HMI.py[line:296] - INFO: FabricUI 已关闭。

2021-03-17 11:12:20,448 - HMI.py[line:296] - INFO: 初始化相机，正在连接...
2021-03-17 11:12:20,704 - HMI.py[line:296] - ERROR: 未搜索到可连接的相机。
2021-03-17 11:12:20,704 - HMI.py[line:296] - INFO: 光源初始化成功
2021-03-17 11:12:20,704 - HMI.py[line:296] - INFO: 正在初始化模型...
2021-03-17 11:12:22,661 - HMI.py[line:296] - INFO: 模型初始化成功。
2021-03-17 11:12:23,078 - HMI.py[line:296] - INFO: 
FabricUI 已开启。
2021-03-17 11:12:23,131 - HMI.py[line:296] - INFO: 初始化相机，正在连接...
2021-03-17 11:12:23,411 - HMI.py[line:296] - ERROR: 未搜索到可连接的相机。
2021-03-17 11:12:23,419 - HMI.py[line:296] - INFO: 正在等待转速稳定，请稍后...
2021-03-17 11:13:04,813 - HMI.py[line:296] - INFO: FabricUI 已关闭。

2021-03-17 11:13:55,298 - HMI.py[line:296] - INFO: 初始化相机，正在连接...
2021-03-17 11:13:55,565 - HMI.py[line:296] - ERROR: 未搜索到可连接的相机。
2021-03-17 11:13:55,565 - HMI.py[line:296] - INFO: 光源初始化成功
2021-03-17 11:13:55,565 - HMI.py[line:296] - INFO: 正在初始化模型...
2021-03-17 11:13:57,525 - HMI.py[line:296] - INFO: 模型初始化成功。
2021-03-17 11:13:57,941 - HMI.py[line:296] - INFO: 
FabricUI 已开启。
2021-03-17 11:13:57,994 - HMI.py[line:296] - INFO: 初始化相机，正在连接...
2021-03-17 11:13:58,260 - HMI.py[line:296] - ERROR: 未搜索到可连接的相机。
2021-03-17 11:13:58,264 - HMI.py[line:296] - INFO: 正在等待转速稳定，请稍后...
2021-03-17 11:14:24,571 - HMI.py[line:296] - INFO: FabricUI 已关闭。

2021-03-17 11:15:14,958 - HMI.py[line:296] - INFO: 初始化相机，正在连接...
2021-03-17 11:15:15,218 - HMI.py[line:296] - ERROR: 未搜索到可连接的相机。
2021-03-17 11:15:15,218 - HMI.py[line:296] - INFO: 光源初始化成功
2021-03-17 11:15:15,218 - HMI.py[line:296] - INFO: 正在初始化模型...
2021-03-17 11:15:17,179 - HMI.py[line:296] - INFO: 模型初始化成功。
2021-03-17 11:15:17,597 - HMI.py[line:296] - INFO: 
FabricUI 已开启。
2021-03-17 11:15:17,653 - HMI.py[line:296] - INFO: 初始化相机，正在连接...
2021-03-17 11:15:17,912 - HMI.py[line:296] - ERROR: 未搜索到可连接的相机。
2021-03-17 11:15:17,916 - HMI.py[line:296] - INFO: 正在等待转速稳定，请稍后...
2021-03-17 11:16:29,899 - HMI.py[line:296] - INFO: FabricUI 已关闭。

2021-03-17 11:19:25,403 - HMI.py[line:296] - INFO: 初始化相机，正在连接...
2021-03-17 11:19:25,663 - HMI.py[line:296] - ERROR: 未搜索到可连接的相机。
2021-03-17 11:19:25,663 - HMI.py[line:296] - INFO: 光源初始化成功
2021-03-17 11:19:25,663 - HMI.py[line:296] - INFO: 正在初始化模型...
2021-03-17 11:19:27,630 - HMI.py[line:296] - INFO: 模型初始化成功。
2021-03-17 11:19:28,047 - HMI.py[line:296] - INFO: 
FabricUI 已开启。
2021-03-17 11:19:28,106 - HMI.py[line:296] - INFO: 初始化相机，正在连接...
2021-03-17 11:19:28,364 - HMI.py[line:296] - ERROR: 未搜索到可连接的相机。
2021-03-17 11:19:28,368 - HMI.py[line:296] - INFO: 正在等待转速稳定，请稍后...
2021-03-17 11:20:21,764 - HMI.py[line:296] - INFO: FabricUI 已关闭。

2021-03-17 11:27:53,111 - HMI.py[line:296] - INFO: 初始化相机，正在连接...
2021-03-17 11:27:53,372 - HMI.py[line:296] - ERROR: 未搜索到可连接的相机。
2021-03-17 11:27:53,372 - HMI.py[line:296] - INFO: 光源初始化成功
2021-03-17 11:27:53,372 - HMI.py[line:296] - INFO: 正在初始化模型...
2021-03-17 11:27:55,341 - HMI.py[line:296] - INFO: 模型初始化成功。
2021-03-17 11:27:55,758 - HMI.py[line:296] - INFO: 
FabricUI 已开启。
2021-03-17 11:27:55,811 - HMI.py[line:296] - INFO: 初始化相机，正在连接...
2021-03-17 11:27:56,067 - HMI.py[line:296] - ERROR: 未搜索到可连接的相机。
2021-03-17 11:27:56,071 - HMI.py[line:296] - INFO: 正在等待转速稳定，请稍后...
2021-03-17 11:28:14,389 - HMI.py[line:296] - INFO: FabricUI 已关闭。

2021-03-17 11:30:04,767 - HMI.py[line:296] - INFO: 初始化相机，正在连接...
2021-03-17 11:30:05,040 - HMI.py[line:296] - ERROR: 未搜索到可连接的相机。
2021-03-17 11:30:05,040 - HMI.py[line:296] - INFO: 光源初始化成功
2021-03-17 11:30:05,040 - HMI.py[line:296] - INFO: 正在初始化模型...
2021-03-17 11:30:07,016 - HMI.py[line:296] - INFO: 模型初始化成功。
2021-03-17 11:30:07,439 - HMI.py[line:296] - INFO: 
FabricUI 已开启。
2021-03-17 11:30:07,493 - HMI.py[line:296] - INFO: 初始化相机，正在连接...
2021-03-17 11:30:07,769 - HMI.py[line:296] - ERROR: 未搜索到可连接的相机。
2021-03-17 11:30:07,777 - HMI.py[line:296] - INFO: 正在等待转速稳定，请稍后...
2021-03-17 11:30:30,355 - HMI.py[line:296] - INFO: FabricUI 已关闭。

2021-03-17 11:31:00,234 - HMI.py[line:296] - INFO: 初始化相机，正在连接...
2021-03-17 11:31:00,493 - HMI.py[line:296] - ERROR: 未搜索到可连接的相机。
2021-03-17 11:31:00,493 - HMI.py[line:296] - INFO: 光源初始化成功
2021-03-17 11:31:00,493 - HMI.py[line:296] - INFO: 正在初始化模型...
2021-03-17 11:31:02,455 - HMI.py[line:296] - INFO: 模型初始化成功。
2021-03-17 11:31:02,872 - HMI.py[line:296] - INFO: 
FabricUI 已开启。
2021-03-17 11:31:02,931 - HMI.py[line:296] - INFO: 初始化相机，正在连接...
2021-03-17 11:31:03,204 - HMI.py[line:296] - ERROR: 未搜索到可连接的相机。
2021-03-17 11:31:03,210 - HMI.py[line:296] - INFO: 正在等待转速稳定，请稍后...
2021-03-17 11:31:12,934 - HMI.py[line:296] - INFO: FabricUI 已关闭。

2021-03-17 11:31:28,845 - HMI.py[line:296] - INFO: 初始化相机，正在连接...
2021-03-17 11:31:29,101 - HMI.py[line:296] - ERROR: 未搜索到可连接的相机。
2021-03-17 11:31:29,101 - HMI.py[line:296] - INFO: 光源初始化成功
2021-03-17 11:31:29,101 - HMI.py[line:296] - INFO: 正在初始化模型...
2021-03-17 11:31:31,033 - HMI.py[line:296] - INFO: 模型初始化成功。
2021-03-17 11:31:31,456 - HMI.py[line:296] - INFO: 
FabricUI 已开启。
2021-03-17 11:31:31,512 - HMI.py[line:296] - INFO: 初始化相机，正在连接...
2021-03-17 11:31:31,771 - HMI.py[line:296] - ERROR: 未搜索到可连接的相机。
2021-03-17 11:31:31,775 - HMI.py[line:296] - INFO: 正在等待转速稳定，请稍后...
2021-03-17 11:32:01,397 - HMI.py[line:296] - INFO: FabricUI 已关闭。

2021-03-18 15:33:09,694 - HMI.py[line:318] - INFO: 初始化相机，正在连接...
2021-03-18 15:33:10,085 - HMI.py[line:318] - INFO: 相机初始化成功。
2021-03-18 15:33:10,085 - HMI.py[line:318] - INFO: 光源初始化成功
2021-03-18 15:33:10,085 - HMI.py[line:318] - INFO: 正在初始化模型...
2021-03-18 15:33:12,103 - HMI.py[line:318] - INFO: 模型初始化成功。
2021-03-18 15:33:12,523 - HMI.py[line:318] - INFO: 
FabricUI 已开启。
2021-03-18 15:33:15,584 - HMI.py[line:318] - INFO: 正在等待转速稳定...
2021-03-18 15:33:18,568 - HMI.py[line:318] - INFO: 正在等待转速稳定...
2021-03-18 15:33:21,612 - HMI.py[line:318] - INFO: 正在等待转速稳定...
2021-03-18 15:33:24,592 - HMI.py[line:318] - INFO: 正在等待转速稳定...
2021-03-18 15:33:27,631 - HMI.py[line:318] - INFO: 正在等待转速稳定...
2021-03-18 15:33:30,607 - HMI.py[line:318] - INFO: 正在等待转速稳定...
2021-03-18 15:33:33,645 - HMI.py[line:318] - INFO: 正在等待转速稳定...
2021-03-18 15:33:36,623 - HMI.py[line:318] - INFO: 正在等待转速稳定...
2021-03-18 15:33:39,648 - HMI.py[line:318] - INFO: 正在等待转速稳定...
2021-03-18 15:33:42,645 - HMI.py[line:318] - INFO: 正在等待转速稳定...
2021-03-18 15:33:45,632 - HMI.py[line:318] - INFO: 正在等待转速稳定...
2021-03-18 15:33:46,885 - HMI.py[line:318] - INFO: FabricUI 已关闭。

2021-03-18 15:35:47,411 - HMI.py[line:318] - INFO: 初始化相机，正在连接...
2021-03-18 15:35:47,773 - HMI.py[line:318] - INFO: 相机初始化成功。
2021-03-18 15:35:47,773 - HMI.py[line:318] - INFO: 光源初始化成功
2021-03-18 15:35:47,773 - HMI.py[line:318] - INFO: 正在初始化模型...
2021-03-18 15:35:49,739 - HMI.py[line:318] - INFO: 模型初始化成功。
2021-03-18 15:35:50,154 - HMI.py[line:318] - INFO: 
FabricUI 已开启。
2021-03-18 15:35:53,234 - HMI.py[line:318] - INFO: 正在等待转速稳定...
2021-03-18 15:35:56,216 - HMI.py[line:318] - INFO: 正在等待转速稳定...
2021-03-18 15:35:59,243 - HMI.py[line:318] - INFO: 转速已稳定，检测中...
2021-03-18 15:36:02,268 - HMI.py[line:318] - INFO: 转速已稳定，检测中...
2021-03-18 15:36:05,224 - HMI.py[line:318] - INFO: 转速已稳定，检测中...
2021-03-18 15:36:08,264 - HMI.py[line:318] - INFO: 转速已稳定，检测中...
2021-03-18 15:36:11,261 - HMI.py[line:318] - INFO: 转速已稳定，检测中...
2021-03-18 15:36:14,261 - HMI.py[line:318] - INFO: 转速已稳定，检测中...
2021-03-18 15:36:17,234 - HMI.py[line:318] - INFO: 转速已稳定，检测中...
2021-03-18 15:36:20,276 - HMI.py[line:318] - INFO: 转速已稳定，检测中...
2021-03-18 15:36:23,275 - HMI.py[line:318] - INFO: 转速已稳定，检测中...
2021-03-18 15:36:26,253 - HMI.py[line:318] - INFO: 转速已稳定，检测中...
2021-03-18 15:36:29,269 - HMI.py[line:318] - INFO: 转速已稳定，检测中...
2021-03-18 15:36:32,284 - HMI.py[line:318] - INFO: 转速已稳定，检测中...
2021-03-18 15:36:35,305 - HMI.py[line:318] - INFO: 转速已稳定，检测中...
2021-03-18 15:36:38,329 - HMI.py[line:318] - INFO: 转速已稳定，检测中...
2021-03-18 15:36:41,351 - HMI.py[line:318] - INFO: 转速已稳定，检测中...
2021-03-18 15:36:44,366 - HMI.py[line:318] - INFO: 转速已稳定，检测中...
2021-03-18 15:36:44,538 - HMI.py[line:318] - INFO: 已更新相机设置。
2021-03-18 15:36:47,400 - HMI.py[line:318] - INFO: 转速已稳定，检测中...
2021-03-18 15:36:50,398 - HMI.py[line:318] - INFO: 转速已稳定，检测中...
2021-03-18 15:36:53,382 - HMI.py[line:318] - INFO: 转速已稳定，检测中...
2021-03-18 15:36:56,411 - HMI.py[line:318] - INFO: 转速已稳定，检测中...
2021-03-18 15:36:59,411 - HMI.py[line:318] - INFO: 转速已稳定，检测中...
2021-03-18 15:37:02,393 - HMI.py[line:318] - INFO: 转速已稳定，检测中...
2021-03-18 15:37:05,430 - HMI.py[line:318] - INFO: 转速已稳定，检测中...
2021-03-18 15:37:08,424 - HMI.py[line:318] - INFO: 转速已稳定，检测中...
2021-03-18 15:37:11,432 - HMI.py[line:318] - INFO: 转速已稳定，检测中...
2021-03-18 15:37:14,402 - HMI.py[line:318] - INFO: 转速已稳定，检测中...
2021-03-18 15:37:16,698 - HMI.py[line:318] - INFO: 检测中...
2021-03-18 15:37:17,856 - HMI.py[line:318] - INFO: 转速已稳定，检测中...
2021-03-18 15:41:42,097 - HMI.py[line:318] - INFO: 初始化相机，正在连接...
2021-03-18 15:41:42,462 - HMI.py[line:318] - INFO: 相机初始化成功。
2021-03-18 15:41:42,462 - HMI.py[line:318] - INFO: 光源初始化成功
2021-03-18 15:41:42,462 - HMI.py[line:318] - INFO: 正在初始化模型...
2021-03-18 15:41:44,355 - HMI.py[line:318] - INFO: 模型初始化成功。
2021-03-18 15:41:44,769 - HMI.py[line:318] - INFO: 
FabricUI 已开启。
2021-03-18 15:41:47,830 - HMI.py[line:318] - INFO: 正在等待转速稳定...
2021-03-18 15:41:50,821 - HMI.py[line:318] - INFO: 正在等待转速稳定...
2021-03-18 15:41:53,846 - HMI.py[line:318] - INFO: 转速已稳定，检测中...
2021-03-18 15:41:54,816 - HMI.py[line:318] - INFO: 检测中...
2021-03-18 15:48:28,709 - HMI.py[line:319] - INFO: 初始化相机，正在连接...
2021-03-18 15:48:29,067 - HMI.py[line:319] - INFO: 相机初始化成功。
2021-03-18 15:48:29,067 - HMI.py[line:319] - INFO: 光源初始化成功
2021-03-18 15:48:29,067 - HMI.py[line:319] - INFO: 正在初始化模型...
2021-03-18 15:48:30,955 - HMI.py[line:319] - INFO: 模型初始化成功。
2021-03-18 15:48:31,369 - HMI.py[line:319] - INFO: 
FabricUI 已开启。
2021-03-18 15:48:32,423 - HMI.py[line:319] - INFO: 检测中...
2021-03-18 15:48:34,467 - HMI.py[line:319] - INFO: 正在等待转速稳定...
2021-03-18 15:48:37,477 - HMI.py[line:319] - INFO: 正在等待转速稳定...
2021-03-18 15:53:24,196 - HMI.py[line:318] - INFO: 初始化相机，正在连接...
2021-03-18 15:53:24,562 - HMI.py[line:318] - INFO: 相机初始化成功。
2021-03-18 15:53:24,562 - HMI.py[line:318] - INFO: 光源初始化成功
2021-03-18 15:53:24,562 - HMI.py[line:318] - INFO: 正在初始化模型...
2021-03-18 15:53:26,465 - HMI.py[line:318] - INFO: 模型初始化成功。
2021-03-18 15:53:26,898 - HMI.py[line:318] - INFO: 
FabricUI 已开启。
2021-03-18 15:53:28,350 - HMI.py[line:318] - INFO: 检测中...
2021-03-18 15:53:29,957 - HMI.py[line:318] - INFO: 正在等待转速稳定...
2021-03-18 15:53:32,973 - HMI.py[line:318] - INFO: 正在等待转速稳定...
2021-03-18 15:53:36,003 - HMI.py[line:318] - INFO: 转速已稳定，检测中...
2021-03-18 15:53:38,969 - HMI.py[line:318] - INFO: 转速已稳定，检测中...
2021-03-18 15:53:42,022 - HMI.py[line:318] - INFO: 转速已稳定，检测中...
2021-03-18 15:53:44,982 - HMI.py[line:318] - INFO: 转速已稳定，检测中...
2021-03-18 15:53:47,942 - HMI.py[line:318] - INFO: 转速已稳定，检测中...
2021-03-18 15:53:51,019 - HMI.py[line:318] - INFO: 转速已稳定，检测中...
2021-03-18 15:53:53,991 - HMI.py[line:318] - INFO: 转速已稳定，检测中...
2021-03-18 15:53:57,058 - HMI.py[line:318] - ERROR: 检测到 is_defect 横纹 缺陷！
2021-03-18 15:53:57,058 - HMI.py[line:318] - INFO: 转速已稳定，检测中...
2021-03-18 15:53:59,990 - HMI.py[line:318] - INFO: 转速已稳定，检测中...
2021-03-18 15:54:02,964 - HMI.py[line:318] - INFO: 转速已稳定，检测中...
2021-03-18 15:54:05,999 - HMI.py[line:318] - INFO: 转速已稳定，检测中...
2021-03-18 15:54:09,014 - HMI.py[line:318] - INFO: 转速已稳定，检测中...
2021-03-18 15:54:11,398 - HMI.py[line:318] - INFO: 检测中...
2021-03-18 15:54:12,012 - HMI.py[line:318] - ERROR: 检测到 is_defect 横纹 缺陷！
2021-03-18 15:54:12,012 - HMI.py[line:318] - INFO: 转速已稳定，检测中...
2021-03-18 15:54:14,999 - HMI.py[line:318] - INFO: 转速已稳定，检测中...
2021-03-18 15:54:16,881 - HMI.py[line:318] - INFO: 检测中...
2021-03-18 15:54:17,994 - HMI.py[line:318] - ERROR: 检测到 is_defect 横纹 缺陷！
2021-03-18 15:54:17,994 - HMI.py[line:318] - INFO: 转速已稳定，检测中...
2021-03-18 15:54:21,010 - HMI.py[line:318] - INFO: 转速已稳定，检测中...
2021-03-18 15:54:24,027 - HMI.py[line:318] - INFO: 转速已稳定，检测中...
2021-03-18 15:54:27,036 - HMI.py[line:318] - INFO: 转速已稳定，检测中...
2021-03-18 15:54:30,058 - HMI.py[line:318] - INFO: 转速已稳定，检测中...
2021-03-18 15:54:33,059 - HMI.py[line:318] - INFO: 转速已稳定，检测中...
2021-03-18 15:54:35,577 - HMI.py[line:318] - INFO: FabricUI 已关闭。

2021-03-18 15:55:32,653 - HMI.py[line:319] - INFO: 初始化相机，正在连接...
2021-03-18 15:55:33,016 - HMI.py[line:319] - INFO: 相机初始化成功。
2021-03-18 15:55:33,016 - HMI.py[line:319] - INFO: 光源初始化成功
2021-03-18 15:55:33,016 - HMI.py[line:319] - INFO: 正在初始化模型...
2021-03-18 15:55:35,020 - HMI.py[line:319] - INFO: 模型初始化成功。
2021-03-18 15:55:35,431 - HMI.py[line:319] - INFO: 
FabricUI 已开启。
2021-03-18 15:55:37,372 - HMI.py[line:319] - INFO: 检测中...
2021-03-18 15:55:38,535 - HMI.py[line:319] - INFO: 正在等待转速稳定...
2021-03-18 15:55:41,568 - HMI.py[line:319] - INFO: 正在等待转速稳定...
2021-03-18 15:55:44,491 - HMI.py[line:319] - INFO: 转速已稳定，检测中...
2021-03-18 15:55:47,520 - HMI.py[line:319] - ERROR: 检测到 缺陷！
2021-03-18 15:55:47,520 - HMI.py[line:319] - INFO: 转速已稳定，检测中...
2021-03-18 15:55:50,512 - HMI.py[line:319] - INFO: 转速已稳定，检测中...
2021-03-18 15:55:53,522 - HMI.py[line:319] - INFO: 转速已稳定，检测中...
2021-03-18 15:55:56,564 - HMI.py[line:319] - INFO: 转速已稳定，检测中...
2021-03-18 15:55:58,963 - HMI.py[line:319] - INFO: 检测中...
2021-03-18 15:55:59,601 - HMI.py[line:319] - INFO: 转速已稳定，检测中...
2021-03-18 15:56:02,582 - HMI.py[line:319] - INFO: 转速已稳定，检测中...
2021-03-18 15:56:05,592 - HMI.py[line:319] - ERROR: 检测到 缺陷！
2021-03-18 15:56:05,592 - HMI.py[line:319] - INFO: 转速已稳定，检测中...
2021-03-18 15:56:08,534 - HMI.py[line:319] - INFO: 转速已稳定，检测中...
2021-03-18 15:56:11,543 - HMI.py[line:319] - INFO: 转速已稳定，检测中...
2021-03-18 15:56:14,579 - HMI.py[line:319] - INFO: 转速已稳定，检测中...
2021-03-18 15:56:17,583 - HMI.py[line:319] - INFO: 转速已稳定，检测中...
2021-03-18 15:56:20,577 - HMI.py[line:319] - INFO: 转速已稳定，检测中...
2021-03-18 15:56:23,255 - HMI.py[line:319] - INFO: 检测中...
2021-03-18 15:56:23,734 - HMI.py[line:319] - INFO: 转速已稳定，检测中...
2021-03-18 15:56:26,747 - HMI.py[line:319] - INFO: 转速已稳定，检测中...
2021-03-18 15:56:29,696 - HMI.py[line:319] - INFO: 转速已稳定，检测中...
2021-03-18 15:56:32,745 - HMI.py[line:319] - ERROR: 检测到 缺陷！
2021-03-18 15:56:32,745 - HMI.py[line:319] - INFO: 转速已稳定，检测中...
2021-03-18 15:56:35,726 - HMI.py[line:319] - INFO: 转速已稳定，检测中...
2021-03-18 15:56:37,409 - HMI.py[line:319] - INFO: 检测中...
2021-03-18 15:56:38,779 - HMI.py[line:319] - INFO: 转速已稳定，检测中...
2021-03-18 15:56:41,798 - HMI.py[line:319] - ERROR: 检测到 缺陷！
2021-03-18 15:56:41,798 - HMI.py[line:319] - INFO: 转速已稳定，检测中...
2021-03-18 15:56:44,752 - HMI.py[line:319] - INFO: 转速已稳定，检测中...
2021-03-18 15:56:47,753 - HMI.py[line:319] - INFO: 转速已稳定，检测中...
2021-03-18 15:56:50,735 - HMI.py[line:319] - INFO: 转速已稳定，检测中...
2021-03-18 15:56:53,770 - HMI.py[line:319] - INFO: 转速已稳定，检测中...
2021-03-18 15:56:56,764 - HMI.py[line:319] - INFO: 转速已稳定，检测中...
2021-03-18 15:56:59,790 - HMI.py[line:319] - INFO: 转速已稳定，检测中...
2021-03-18 15:57:02,811 - HMI.py[line:319] - INFO: 转速已稳定，检测中...
2021-03-18 15:57:05,808 - HMI.py[line:319] - INFO: 转速已稳定，检测中...
2021-03-18 15:57:08,810 - HMI.py[line:319] - INFO: 转速已稳定，检测中...
2021-03-18 15:57:11,853 - HMI.py[line:319] - INFO: 转速已稳定，检测中...
2021-03-18 15:57:14,846 - HMI.py[line:319] - INFO: 转速已稳定，检测中...
2021-03-18 15:57:17,878 - HMI.py[line:319] - INFO: 转速已稳定，检测中...
2021-03-18 15:57:20,826 - HMI.py[line:319] - INFO: 转速已稳定，检测中...
2021-03-18 15:57:23,867 - HMI.py[line:319] - INFO: 转速已稳定，检测中...
2021-03-18 15:57:26,861 - HMI.py[line:319] - INFO: 转速已稳定，检测中...
2021-03-18 15:57:29,418 - HMI.py[line:319] - INFO: 检测中...
2021-03-18 15:57:29,835 - HMI.py[line:319] - INFO: 转速已稳定，检测中...
2021-03-18 15:57:32,885 - HMI.py[line:319] - INFO: 转速已稳定，检测中...
2021-03-18 15:57:35,925 - HMI.py[line:319] - INFO: 转速已稳定，检测中...
2021-03-18 15:57:38,883 - HMI.py[line:319] - INFO: 转速已稳定，检测中...
2021-03-18 15:57:41,937 - HMI.py[line:319] - INFO: 转速已稳定，检测中...
2021-03-18 15:57:44,954 - HMI.py[line:319] - INFO: 转速已稳定，检测中...
2021-03-18 15:57:47,895 - HMI.py[line:319] - INFO: 转速已稳定，检测中...
2021-03-18 15:57:50,943 - HMI.py[line:319] - INFO: 转速已稳定，检测中...
2021-03-18 15:57:53,919 - HMI.py[line:319] - INFO: 转速已稳定，检测中...
2021-03-18 15:57:56,874 - HMI.py[line:319] - INFO: 转速已稳定，检测中...
2021-03-18 15:57:59,888 - HMI.py[line:319] - INFO: 转速已稳定，检测中...
2021-03-18 15:58:02,986 - HMI.py[line:319] - INFO: 转速已稳定，检测中...
2021-03-18 15:58:05,904 - HMI.py[line:319] - INFO: 转速已稳定，检测中...
2021-03-18 15:58:08,977 - HMI.py[line:319] - INFO: 转速已稳定，检测中...
2021-03-18 15:58:11,985 - HMI.py[line:319] - INFO: 转速已稳定，检测中...
2021-03-18 15:58:15,008 - HMI.py[line:319] - INFO: 转速已稳定，检测中...
2021-03-18 15:58:17,949 - HMI.py[line:319] - INFO: 转速已稳定，检测中...
2021-03-18 15:58:20,979 - HMI.py[line:319] - INFO: 转速已稳定，检测中...
2021-03-18 15:58:23,918 - HMI.py[line:319] - INFO: 转速已稳定，检测中...
2021-03-18 15:58:24,872 - HMI.py[line:319] - INFO: FabricUI 已关闭。

2021-03-18 16:53:47,258 - HMI.py[line:324] - INFO: 初始化相机，正在连接...
2021-03-18 16:53:47,623 - HMI.py[line:324] - INFO: 相机初始化成功。
2021-03-18 16:53:47,623 - HMI.py[line:324] - INFO: 光源初始化成功
2021-03-18 16:53:47,623 - HMI.py[line:324] - INFO: 正在初始化模型...
2021-03-18 16:53:49,563 - HMI.py[line:324] - INFO: 模型初始化成功。
2021-03-18 16:53:49,981 - HMI.py[line:324] - INFO: 
FabricUI 已开启。
2021-03-18 16:53:53,017 - HMI.py[line:324] - INFO: 正在等待转速稳定...
2021-03-18 16:53:56,053 - HMI.py[line:324] - INFO: 正在等待转速稳定...
2021-03-18 16:53:59,050 - HMI.py[line:324] - INFO: 转速已稳定，检测中...
2021-03-18 16:54:02,030 - HMI.py[line:324] - INFO: 转速已稳定，检测中...
2021-03-18 16:54:05,059 - HMI.py[line:324] - INFO: 转速已稳定，检测中...
2021-03-18 16:54:08,040 - HMI.py[line:324] - INFO: 转速已稳定，检测中...
2021-03-18 16:54:11,062 - HMI.py[line:324] - INFO: 转速已稳定，检测中...
2021-03-18 16:54:11,112 - HMI.py[line:324] - INFO: 检测中...
2021-03-18 16:54:14,117 - HMI.py[line:324] - INFO: 转速已稳定，检测中...
2021-03-18 16:54:50,208 - HMI.py[line:324] - INFO: 初始化相机，正在连接...
2021-03-18 16:54:50,600 - HMI.py[line:324] - INFO: 相机初始化成功。
2021-03-18 16:54:50,600 - HMI.py[line:324] - INFO: 光源初始化成功
2021-03-18 16:54:50,600 - HMI.py[line:324] - INFO: 正在初始化模型...
2021-03-18 16:54:52,534 - HMI.py[line:324] - INFO: 模型初始化成功。
2021-03-18 16:54:52,949 - HMI.py[line:324] - INFO: 
FabricUI 已开启。
2021-03-18 16:54:54,815 - HMI.py[line:324] - INFO: 检测中...
2021-03-18 16:54:55,991 - HMI.py[line:324] - INFO: 正在等待转速稳定...
2021-03-18 16:54:59,021 - HMI.py[line:324] - INFO: 正在等待转速稳定...
2021-03-18 16:55:02,072 - HMI.py[line:324] - INFO: 转速已稳定，检测中...
2021-03-18 16:55:05,083 - HMI.py[line:324] - ERROR: 检测到 缺陷！
2021-03-18 16:55:05,083 - HMI.py[line:324] - INFO: 转速已稳定，检测中...
2021-03-18 16:55:08,013 - HMI.py[line:324] - INFO: 转速已稳定，检测中...
2021-03-18 16:55:10,390 - HMI.py[line:324] - INFO: 检测中...
2021-03-18 16:55:11,021 - HMI.py[line:324] - INFO: 转速已稳定，检测中...
2021-03-18 16:55:50,804 - HMI.py[line:324] - INFO: 初始化相机，正在连接...
2021-03-18 16:55:51,169 - HMI.py[line:324] - INFO: 相机初始化成功。
2021-03-18 16:55:51,169 - HMI.py[line:324] - INFO: 光源初始化成功
2021-03-18 16:55:51,169 - HMI.py[line:324] - INFO: 正在初始化模型...
2021-03-18 16:55:53,081 - HMI.py[line:324] - INFO: 模型初始化成功。
2021-03-18 16:55:53,492 - HMI.py[line:324] - INFO: 
FabricUI 已开启。
2021-03-18 16:55:55,336 - HMI.py[line:324] - INFO: 检测中...
2021-03-18 16:55:56,626 - HMI.py[line:324] - INFO: 正在等待转速稳定...
2021-03-18 16:55:59,595 - HMI.py[line:324] - INFO: 正在等待转速稳定...
2021-03-18 16:56:02,564 - HMI.py[line:324] - INFO: 转速已稳定，检测中...
2021-03-18 16:56:05,620 - HMI.py[line:324] - INFO: 转速已稳定，检测中...
2021-03-18 16:56:08,548 - HMI.py[line:324] - INFO: 转速已稳定，检测中...
2021-03-18 16:56:11,595 - HMI.py[line:324] - ERROR: 检测到 缺陷！
2021-03-18 16:56:11,595 - HMI.py[line:324] - INFO: 转速已稳定，检测中...
2021-03-18 16:56:14,592 - HMI.py[line:324] - INFO: 转速已稳定，检测中...
2021-03-18 16:56:17,562 - HMI.py[line:324] - INFO: 转速已稳定，检测中...
2021-03-18 16:56:20,574 - HMI.py[line:324] - INFO: 转速已稳定，检测中...
2021-03-18 16:56:23,593 - HMI.py[line:324] - INFO: 转速已稳定，检测中...
2021-03-18 16:56:26,602 - HMI.py[line:324] - INFO: 转速已稳定，检测中...
2021-03-18 16:56:29,632 - HMI.py[line:324] - INFO: 转速已稳定，检测中...
2021-03-18 16:56:32,643 - HMI.py[line:324] - INFO: 转速已稳定，检测中...
2021-03-18 16:56:35,636 - HMI.py[line:324] - INFO: 转速已稳定，检测中...
2021-03-18 16:56:38,639 - HMI.py[line:324] - INFO: 转速已稳定，检测中...
2021-03-18 16:56:41,619 - HMI.py[line:324] - INFO: 转速已稳定，检测中...
2021-03-18 16:56:44,667 - HMI.py[line:324] - INFO: 转速已稳定，检测中...
2021-03-18 16:56:47,637 - HMI.py[line:324] - INFO: 转速已稳定，检测中...
2021-03-18 16:56:50,666 - HMI.py[line:324] - INFO: 转速已稳定，检测中...
2021-03-18 16:56:53,661 - HMI.py[line:324] - INFO: 转速已稳定，检测中...
2021-03-18 16:56:56,723 - HMI.py[line:324] - INFO: 转速已稳定，检测中...
2021-03-18 16:56:59,680 - HMI.py[line:324] - INFO: 转速已稳定，检测中...
2021-03-18 16:57:02,716 - HMI.py[line:324] - INFO: 转速已稳定，检测中...
2021-03-18 16:57:05,715 - HMI.py[line:324] - INFO: 转速已稳定，检测中...
2021-03-18 16:57:08,692 - HMI.py[line:324] - INFO: 转速已稳定，检测中...
2021-03-18 16:57:11,707 - HMI.py[line:324] - INFO: 转速已稳定，检测中...
2021-03-18 16:57:14,723 - HMI.py[line:324] - INFO: 转速已稳定，检测中...
2021-03-18 16:57:17,756 - HMI.py[line:324] - INFO: 转速已稳定，检测中...
2021-03-18 16:57:20,728 - HMI.py[line:324] - INFO: 转速已稳定，检测中...
2021-03-18 16:57:23,753 - HMI.py[line:324] - INFO: 转速已稳定，检测中...
2021-03-18 16:57:24,909 - HMI.py[line:324] - INFO: 检测中...
2021-03-18 16:57:26,828 - HMI.py[line:324] - INFO: 转速已稳定，检测中...
2021-03-18 16:57:29,764 - HMI.py[line:324] - INFO: 转速已稳定，检测中...
2021-03-18 16:57:32,826 - HMI.py[line:324] - INFO: 转速已稳定，检测中...
2021-03-18 16:57:35,773 - HMI.py[line:324] - INFO: 转速已稳定，检测中...
2021-03-18 16:57:38,844 - HMI.py[line:324] - ERROR: 检测到 缺陷！
2021-03-18 16:57:38,844 - HMI.py[line:324] - INFO: 转速已稳定，检测中...
2021-03-18 16:57:41,848 - HMI.py[line:324] - INFO: 转速已稳定，检测中...
2021-03-18 16:57:41,949 - HMI.py[line:324] - INFO: 检测中...
2021-03-18 16:57:44,907 - HMI.py[line:324] - INFO: 转速已稳定，检测中...
2021-03-18 16:57:47,865 - HMI.py[line:324] - INFO: 转速已稳定，检测中...
2021-03-18 16:57:50,834 - HMI.py[line:324] - ERROR: 检测到 缺陷！
2021-03-18 16:57:50,834 - HMI.py[line:324] - INFO: 转速已稳定，检测中...
2021-03-18 16:57:53,875 - HMI.py[line:324] - INFO: 转速已稳定，检测中...
2021-03-18 16:57:56,883 - HMI.py[line:324] - INFO: 转速已稳定，检测中...
2021-03-18 16:57:59,861 - HMI.py[line:324] - INFO: 转速已稳定，检测中...
2021-03-18 16:58:02,887 - HMI.py[line:324] - INFO: 转速已稳定，检测中...
2021-03-18 16:58:05,891 - HMI.py[line:324] - INFO: 转速已稳定，检测中...
2021-03-18 16:58:08,878 - HMI.py[line:324] - INFO: 转速已稳定，检测中...
2021-03-18 16:58:11,910 - HMI.py[line:324] - INFO: 转速已稳定，检测中...
2021-03-18 16:58:14,921 - HMI.py[line:324] - INFO: 转速已稳定，检测中...
2021-03-18 16:58:17,911 - HMI.py[line:324] - INFO: 转速已稳定，检测中...
2021-03-18 16:58:20,876 - HMI.py[line:324] - INFO: 转速已稳定，检测中...
2021-03-18 16:58:21,266 - HMI.py[line:324] - INFO: FabricUI 已关闭。

2021-03-18 22:43:52,067 - HMI.py[line:326] - INFO: 初始化相机，正在连接...
2021-03-18 22:43:52,442 - HMI.py[line:326] - INFO: 相机初始化成功。
2021-03-18 22:43:52,442 - HMI.py[line:326] - INFO: 光源初始化成功
2021-03-18 22:43:52,442 - HMI.py[line:326] - INFO: 正在初始化模型...
2021-03-18 22:43:54,441 - HMI.py[line:326] - INFO: 模型初始化成功。
2021-03-18 22:43:54,877 - HMI.py[line:326] - INFO: 
FabricUI 已开启。
2021-03-18 22:43:57,965 - HMI.py[line:326] - INFO: 正在等待转速稳定...
2021-03-18 22:44:00,961 - HMI.py[line:326] - INFO: 正在等待转速稳定...
2021-03-18 22:44:03,964 - HMI.py[line:326] - INFO: 转速已稳定，检测中...
2021-03-18 22:44:06,950 - HMI.py[line:326] - INFO: 转速已稳定，检测中...
2021-03-18 22:44:09,951 - HMI.py[line:326] - INFO: 转速已稳定，检测中...
2021-03-18 22:44:12,977 - HMI.py[line:326] - INFO: 转速已稳定，检测中...
2021-03-18 22:44:14,154 - HMI.py[line:326] - INFO: 已更新相机设置。
2021-03-18 22:44:15,973 - HMI.py[line:326] - INFO: 转速已稳定，检测中...
2021-03-18 22:44:19,003 - HMI.py[line:326] - INFO: 转速已稳定，检测中...
2021-03-18 22:44:21,883 - HMI.py[line:326] - INFO: 已更新相机设置。
2021-03-18 22:44:21,997 - HMI.py[line:326] - INFO: 转速已稳定，检测中...
2021-03-18 22:44:25,043 - HMI.py[line:326] - INFO: 转速已稳定，检测中...
2021-03-18 22:44:28,027 - HMI.py[line:326] - INFO: 转速已稳定，检测中...
2021-03-18 22:44:31,009 - HMI.py[line:326] - INFO: 转速已稳定，检测中...
2021-03-18 22:44:34,033 - HMI.py[line:326] - INFO: 转速已稳定，检测中...
2021-03-18 22:44:37,039 - HMI.py[line:326] - INFO: 转速已稳定，检测中...
2021-03-18 22:44:40,087 - HMI.py[line:326] - INFO: 转速已稳定，检测中...
2021-03-18 22:44:43,076 - HMI.py[line:326] - INFO: 转速已稳定，检测中...
2021-03-18 22:44:46,070 - HMI.py[line:326] - INFO: 转速已稳定，检测中...
2021-03-18 22:44:49,089 - HMI.py[line:326] - INFO: 转速已稳定，检测中...
2021-03-18 22:44:51,340 - HMI.py[line:326] - INFO: 检测中...
2021-03-18 22:44:52,498 - HMI.py[line:326] - INFO: 转速已稳定，检测中...
2021-03-18 22:44:55,302 - HMI.py[line:326] - INFO: 转速已稳定，检测中...
2021-03-18 22:44:58,337 - HMI.py[line:326] - INFO: 转速已稳定，检测中...
2021-03-18 22:45:01,305 - HMI.py[line:326] - INFO: 转速已稳定，检测中...
2021-03-18 22:45:04,357 - HMI.py[line:326] - INFO: 转速已稳定，检测中...
2021-03-18 22:45:07,349 - HMI.py[line:326] - INFO: 转速已稳定，检测中...
2021-03-18 22:45:10,309 - HMI.py[line:326] - INFO: 转速已稳定，检测中...
2021-03-18 22:45:13,305 - HMI.py[line:326] - INFO: 转速已稳定，检测中...
2021-03-18 22:45:16,296 - HMI.py[line:326] - INFO: 转速已稳定，检测中...
2021-03-18 22:45:19,324 - HMI.py[line:326] - INFO: 转速已稳定，检测中...
2021-03-18 22:45:22,383 - HMI.py[line:326] - INFO: 转速已稳定，检测中...
2021-03-18 22:45:23,419 - HMI.py[line:326] - INFO: 已更新相机设置。
2021-03-18 22:45:24,926 - HMI.py[line:326] - INFO: 检测中止
2021-03-18 22:45:25,318 - HMI.py[line:326] - INFO: 转速已稳定，检测中...
2021-03-18 22:45:28,349 - HMI.py[line:326] - INFO: 转速已稳定，检测中...
2021-03-18 22:45:31,361 - HMI.py[line:326] - INFO: 转速已稳定，检测中...
2021-03-18 22:45:34,350 - HMI.py[line:326] - INFO: 转速已稳定，检测中...
2021-03-18 22:45:37,354 - HMI.py[line:326] - INFO: 转速已稳定，检测中...
2021-03-18 22:45:40,331 - HMI.py[line:326] - INFO: 转速已稳定，检测中...
2021-03-18 22:45:43,346 - HMI.py[line:326] - INFO: 转速已稳定，检测中...
2021-03-18 22:45:46,365 - HMI.py[line:326] - INFO: 转速已稳定，检测中...
2021-03-18 22:45:49,393 - HMI.py[line:326] - INFO: 转速已稳定，检测中...
2021-03-18 22:45:52,372 - HMI.py[line:326] - INFO: 转速已稳定，检测中...
2021-03-18 22:45:55,386 - HMI.py[line:326] - INFO: 转速已稳定，检测中...
2021-03-18 22:45:58,428 - HMI.py[line:326] - INFO: 转速已稳定，检测中...
2021-03-18 22:46:01,401 - HMI.py[line:326] - INFO: 转速已稳定，检测中...
2021-03-18 22:46:04,408 - HMI.py[line:326] - INFO: 转速已稳定，检测中...
2021-03-18 22:46:07,429 - HMI.py[line:326] - INFO: 转速已稳定，检测中...
2021-03-18 22:46:10,465 - HMI.py[line:326] - INFO: 转速已稳定，检测中...
2021-03-18 22:46:13,469 - HMI.py[line:326] - INFO: 转速已稳定，检测中...
2021-03-18 22:46:16,454 - HMI.py[line:326] - INFO: 转速已稳定，检测中...
2021-03-18 22:46:19,447 - HMI.py[line:326] - INFO: 转速已稳定，检测中...
2021-03-18 22:46:22,481 - HMI.py[line:326] - INFO: 转速已稳定，检测中...
2021-03-18 22:46:25,475 - HMI.py[line:326] - INFO: 转速已稳定，检测中...
2021-03-18 22:46:28,462 - HMI.py[line:326] - INFO: 转速已稳定，检测中...
2021-03-18 22:46:31,490 - HMI.py[line:326] - INFO: 转速已稳定，检测中...
2021-03-18 22:46:34,472 - HMI.py[line:326] - INFO: 转速已稳定，检测中...
2021-03-18 22:46:37,501 - HMI.py[line:326] - INFO: 转速已稳定，检测中...
2021-03-18 22:46:40,497 - HMI.py[line:326] - INFO: 转速已稳定，检测中...
2021-03-18 22:46:43,497 - HMI.py[line:326] - INFO: 转速已稳定，检测中...
2021-03-18 22:46:46,384 - HMI.py[line:326] - INFO: FabricUI 已关闭。

